<?xml version="1.0" encoding="UTF-8"?>
<!-- Generated by org.testng.reporters.JUnitXMLReporter -->
<testsuite hostname="Harishs-Air-2224" failures="0" tests="3" name="Test" time="0.19" errors="0" timestamp="25 Mar 2019 20:00:49 GMT">
  <testcase classname="com.AutomationTests.demoProject.TestClass1" name="@BeforeMethod launchDriver" time="0.0">
    <failure type="java.lang.IllegalStateException" message="The driver executable does not exist: /Users/harishsindel/eclipse-workspace/demoProject/‎⁨drivers/chromedriver">
      <![CDATA[java.lang.IllegalStateException: The driver executable does not exist: /Users/harishsindel/eclipse-workspace/demoProject/‎⁨drivers/chromedriver
	at com.google.common.base.Preconditions.checkState(Preconditions.java:199)
	at org.openqa.selenium.remote.service.DriverService.checkExecutable(DriverService.java:121)
	at org.openqa.selenium.remote.service.DriverService.findExecutable(DriverService.java:116)
	at org.openqa.selenium.chrome.ChromeDriverService.access$000(ChromeDriverService.java:32)
	at org.openqa.selenium.chrome.ChromeDriverService$Builder.findDefaultExecutable(ChromeDriverService.java:137)
	at org.openqa.selenium.remote.service.DriverService$Builder.build(DriverService.java:296)
	at org.openqa.selenium.chrome.ChromeDriverService.createDefaultService(ChromeDriverService.java:88)
	at org.openqa.selenium.chrome.ChromeDriver.<init>(ChromeDriver.java:116)
	at com.AutomationTests.demoProject.TestClass1.launchDriver(TestClass1.java:20)
... Removed 26 stack frames]]>
    </failure>
  </testcase> <!-- @BeforeMethod launchDriver -->
  <testcase classname="com.AutomationTests.demoProject.TestClass1" name="@BeforeMethod launchDriver" time="0.0">
    <skipped/>
  </testcase> <!-- @BeforeMethod launchDriver -->
  <testcase classname="com.AutomationTests.demoProject.TestClass1" name="@BeforeMethod launchDriver" time="0.0">
    <skipped/>
  </testcase> <!-- @BeforeMethod launchDriver -->
  <testcase classname="com.AutomationTests.demoProject.TestClass1" name="Test1" time="0.002">
    <skipped/>
  </testcase> <!-- Test1 -->
  <testcase classname="com.AutomationTests.demoProject.TestClass1" name="Test2" time="0.002">
    <skipped/>
  </testcase> <!-- Test2 -->
  <testcase classname="com.AutomationTests.demoProject.TestClass1" name="Test3" time="0.002">
    <skipped/>
  </testcase> <!-- Test3 -->
</testsuite> <!-- Test -->
