<?xml version="1.0" encoding="UTF-8"?>
<!-- Generated by org.testng.reporters.JUnitXMLReporter -->
<testsuite hostname="Harishs-Air-2224" failures="0" tests="3" name="Test" time="10.472" errors="0" timestamp="25 Mar 2019 20:12:28 GMT">
  <testcase classname="com.AutomationTests.demoProject.TestClass1" name="@BeforeMethod launchDriver" time="0.0">
    <failure type="org.openqa.selenium.remote.UnreachableBrowserException" message="Failed to connect to SafariDriver after 10125 ms
Build info: version: &amp;apos;2.53.0&amp;apos;, revision: &amp;apos;35ae25b1534ae328c771e0856c93e187490ca824&amp;apos;, time: &amp;apos;2016-03-15 10:43:46&amp;apos;
System info: host: &amp;apos;Harishs-Air-2224&amp;apos;, ip: &amp;apos;192.168.43.161&amp;apos;, os.name: &amp;apos;Mac OS X&amp;apos;, os.arch: &amp;apos;x86_64&amp;apos;, os.version: &amp;apos;10.14&amp;apos;, java.version: &amp;apos;10.0.1&amp;apos;
Driver info: driver.version: SafariDriver">
      <![CDATA[org.openqa.selenium.remote.UnreachableBrowserException: Failed to connect to SafariDriver after 10125 ms
Build info: version: '2.53.0', revision: '35ae25b1534ae328c771e0856c93e187490ca824', time: '2016-03-15 10:43:46'
System info: host: 'Harishs-Air-2224', ip: '192.168.43.161', os.name: 'Mac OS X', os.arch: 'x86_64', os.version: '10.14', java.version: '10.0.1'
Driver info: driver.version: SafariDriver
	at org.openqa.selenium.safari.SafariDriverCommandExecutor.start(SafariDriverCommandExecutor.java:121)
	at org.openqa.selenium.safari.SafariDriver.startClient(SafariDriver.java:76)
	at org.openqa.selenium.remote.RemoteWebDriver.<init>(RemoteWebDriver.java:119)
	at org.openqa.selenium.remote.RemoteWebDriver.<init>(RemoteWebDriver.java:144)
	at org.openqa.selenium.safari.SafariDriver.<init>(SafariDriver.java:62)
	at org.openqa.selenium.safari.SafariDriver.<init>(SafariDriver.java:42)
	at com.AutomationTests.demoProject.TestClass1.launchDriver(TestClass1.java:21)
... Removed 35 stack frames]]>
    </failure>
  </testcase> <!-- @BeforeMethod launchDriver -->
  <testcase classname="com.AutomationTests.demoProject.TestClass1" name="@BeforeMethod launchDriver" time="0.0">
    <skipped/>
  </testcase> <!-- @BeforeMethod launchDriver -->
  <testcase classname="com.AutomationTests.demoProject.TestClass1" name="@BeforeMethod launchDriver" time="0.0">
    <skipped/>
  </testcase> <!-- @BeforeMethod launchDriver -->
  <testcase classname="com.AutomationTests.demoProject.TestClass1" name="Test1" time="0.002">
    <skipped/>
  </testcase> <!-- Test1 -->
  <testcase classname="com.AutomationTests.demoProject.TestClass1" name="Test2" time="0.0">
    <skipped/>
  </testcase> <!-- Test2 -->
  <testcase classname="com.AutomationTests.demoProject.TestClass1" name="Test3" time="0.0">
    <skipped/>
  </testcase> <!-- Test3 -->
</testsuite> <!-- Test -->
