<?xml version="1.0" encoding="UTF-8"?>
<testsuite name="TestSuite" time="10.829" tests="6" errors="0" skipped="5" failures="1">
  <properties>
    <property name="java.runtime.name" value="Java(TM) SE Runtime Environment"/>
    <property name="java.vm.version" value="10.0.1+10"/>
    <property name="sun.boot.library.path" value="/Library/Java/JavaVirtualMachines/jdk-10.0.1.jdk/Contents/Home/lib"/>
    <property name="gopherProxySet" value="false"/>
    <property name="maven.multiModuleProjectDirectory" value="/Users/harishsindel/eclipse-workspace/demoProject"/>
    <property name="java.vm.vendor" value="&quot;Oracle Corporation&quot;"/>
    <property name="java.vendor.url" value="http://java.oracle.com/"/>
    <property name="guice.disable.misplaced.annotation.check" value="true"/>
    <property name="path.separator" value=":"/>
    <property name="java.vm.name" value="Java HotSpot(TM) 64-Bit Server VM"/>
    <property name="file.encoding.pkg" value="sun.io"/>
    <property name="sun.os.patch.level" value="unknown"/>
    <property name="user.country" value="IN"/>
    <property name="sun.java.launcher" value="SUN_STANDARD"/>
    <property name="java.vm.specification.name" value="Java Virtual Machine Specification"/>
    <property name="user.dir" value="/Users/harishsindel/eclipse-workspace/demoProject"/>
    <property name="java.vm.compressedOopsMode" value="Zero based"/>
    <property name="java.runtime.version" value="10.0.1+10"/>
    <property name="java.awt.graphicsenv" value="sun.awt.CGraphicsEnvironment"/>
    <property name="os.arch" value="x86_64"/>
    <property name="java.io.tmpdir" value="/var/folders/zz/0y4kq19564qbrm24vv7s6_t40000gn/T/"/>
    <property name="line.separator" value="&#10;"/>
    <property name="java.vm.specification.vendor" value="Oracle Corporation"/>
    <property name="os.name" value="Mac OS X"/>
    <property name="classworlds.conf" value="/Users/harishsindel/eclipse-workspace/.metadata/.plugins/org.eclipse.m2e.launching/launches/m2conf4083957051748151787.tmp"/>
    <property name="sun.jnu.encoding" value="UTF-8"/>
    <property name="java.library.path" value="/Users/harishsindel/Library/Java/Extensions:/Library/Java/Extensions:/Network/Library/Java/Extensions:/System/Library/Java/Extensions:/usr/lib/java:."/>
    <property name="jdk.debug" value="release"/>
    <property name="java.class.version" value="54.0"/>
    <property name="java.specification.name" value="Java Platform API Specification"/>
    <property name="sun.management.compiler" value="HotSpot 64-Bit Tiered Compilers"/>
    <property name="os.version" value="10.14"/>
    <property name="http.nonProxyHosts" value="local|*.local|169.254/16|*.169.254/16"/>
    <property name="user.home" value="/Users/harishsindel"/>
    <property name="user.timezone" value="Asia/Kolkata"/>
    <property name="java.awt.printerjob" value="sun.lwawt.macosx.CPrinterJob"/>
    <property name="file.encoding" value="UTF-8"/>
    <property name="java.specification.version" value="10"/>
    <property name="user.name" value="harishsindel"/>
    <property name="java.class.path" value="/Volumes/Eclipse/Eclipse.app/Contents/Eclipse/plugins/org.eclipse.m2e.maven.runtime_1.8.3.20180227-2135/jars/plexus-classworlds-2.5.2.jar"/>
    <property name="java.vm.specification.version" value="10"/>
    <property name="sun.arch.data.model" value="64"/>
    <property name="sun.java.command" value="org.codehaus.plexus.classworlds.launcher.Launcher -B test"/>
    <property name="java.home" value="/Library/Java/JavaVirtualMachines/jdk-10.0.1.jdk/Contents/Home"/>
    <property name="user.language" value="en"/>
    <property name="java.specification.vendor" value="Oracle Corporation"/>
    <property name="awt.toolkit" value="sun.lwawt.macosx.LWCToolkit"/>
    <property name="java.vm.info" value="mixed mode"/>
    <property name="java.version" value="10.0.1"/>
    <property name="java.vendor" value="Oracle Corporation"/>
    <property name="maven.home" value="/Users/harishsindel/eclipse-workspace/demoProject/EMBEDDED"/>
    <property name="file.separator" value="/"/>
    <property name="java.version.date" value="2018-04-17"/>
    <property name="java.vendor.url.bug" value="http://bugreport.java.com/bugreport/"/>
    <property name="sun.io.unicode.encoding" value="UnicodeBig"/>
    <property name="sun.cpu.endian" value="little"/>
    <property name="java.vendor.version" value="18.3"/>
    <property name="socksNonProxyHosts" value="local|*.local|169.254/16|*.169.254/16"/>
    <property name="ftp.nonProxyHosts" value="local|*.local|169.254/16|*.169.254/16"/>
    <property name="sun.cpu.isalist" value=""/>
  </properties>
  <testcase name="launchDriver" classname="com.AutomationTests.demoProject.TestClass1" time="10.829">
    <failure message="Failed to connect to SafariDriver after 10125 ms&#10;Build info: version: &apos;2.53.0&apos;, revision: &apos;35ae25b1534ae328c771e0856c93e187490ca824&apos;, time: &apos;2016-03-15 10:43:46&apos;&#10;System info: host: &apos;Harishs-Air-2224&apos;, ip: &apos;192.168.43.161&apos;, os.name: &apos;Mac OS X&apos;, os.arch: &apos;x86_64&apos;, os.version: &apos;10.14&apos;, java.version: &apos;10.0.1&apos;&#10;Driver info: driver.version: SafariDriver" type="org.openqa.selenium.remote.UnreachableBrowserException"><![CDATA[org.openqa.selenium.remote.UnreachableBrowserException: Failed to connect to SafariDriver after 10125 ms
Build info: version: '2.53.0', revision: '35ae25b1534ae328c771e0856c93e187490ca824', time: '2016-03-15 10:43:46'
System info: host: 'Harishs-Air-2224', ip: '192.168.43.161', os.name: 'Mac OS X', os.arch: 'x86_64', os.version: '10.14', java.version: '10.0.1'
Driver info: driver.version: SafariDriver
	at org.openqa.selenium.safari.SafariDriverCommandExecutor.start(SafariDriverCommandExecutor.java:121)
	at org.openqa.selenium.safari.SafariDriver.startClient(SafariDriver.java:76)
	at org.openqa.selenium.remote.RemoteWebDriver.<init>(RemoteWebDriver.java:119)
	at org.openqa.selenium.remote.RemoteWebDriver.<init>(RemoteWebDriver.java:144)
	at org.openqa.selenium.safari.SafariDriver.<init>(SafariDriver.java:62)
	at org.openqa.selenium.safari.SafariDriver.<init>(SafariDriver.java:42)
	at com.AutomationTests.demoProject.TestClass1.launchDriver(TestClass1.java:21)
]]></failure>
    <system-out>[/Users/harishsindel/eclipse-workspace/demoProject]
</system-out>
    <system-err>Mar 26, 2019 1:42:17 AM org.openqa.selenium.safari.SafariDriverServer start
INFO: Server started on port 4897
Mar 26, 2019 1:42:17 AM org.openqa.selenium.safari.SafariDriverCommandExecutor start
INFO: Launching Safari
Mar 26, 2019 1:42:17 AM org.openqa.selenium.safari.SafariDriverCommandExecutor start
INFO: Waiting for SafariDriver to connect
Mar 26, 2019 1:42:27 AM org.openqa.selenium.safari.SafariDriverCommandExecutor stop
INFO: Shutting down
Mar 26, 2019 1:42:27 AM org.openqa.selenium.safari.SafariDriverCommandExecutor stop
INFO: Stopping Safari
Mar 26, 2019 1:42:27 AM org.openqa.selenium.safari.SafariDriverCommandExecutor stop
INFO: Stopping server
Mar 26, 2019 1:42:27 AM org.openqa.selenium.safari.SafariDriverServer stop
INFO: Stopping server
Mar 26, 2019 1:42:28 AM org.openqa.selenium.safari.SafariDriverCommandExecutor stop
INFO: Shutdown complete
Mar 26, 2019 1:42:28 AM org.openqa.selenium.safari.SafariDriverCommandExecutor stop
INFO: Shutting down
Mar 26, 2019 1:42:28 AM org.openqa.selenium.safari.SafariDriverCommandExecutor stop
INFO: Stopping server
Mar 26, 2019 1:42:28 AM org.openqa.selenium.safari.SafariDriverCommandExecutor stop
INFO: Shutdown complete
</system-err>
  </testcase>
  <testcase name="Test1" classname="com.AutomationTests.demoProject.TestClass1" time="0">
    <skipped/>
  </testcase>
  <testcase name="launchDriver" classname="com.AutomationTests.demoProject.TestClass1" time="0">
    <skipped/>
  </testcase>
  <testcase name="Test2" classname="com.AutomationTests.demoProject.TestClass1" time="0">
    <skipped/>
  </testcase>
  <testcase name="launchDriver" classname="com.AutomationTests.demoProject.TestClass1" time="0">
    <skipped/>
  </testcase>
  <testcase name="Test3" classname="com.AutomationTests.demoProject.TestClass1" time="0">
    <skipped/>
  </testcase>
</testsuite>